Mon Aug 04 2014 15:35:03 GMT-0700 (PDT):
{ [Error: Unable to locate site named photoYarnServer]
  stack: [Getter/Setter],
  __frame: 
   { name: 'lookupSiteNameAndWebSpace__20',
     line: 871,
     file: '/usr/local/lib/node_modules/azure-cli/lib/commands/asm/websites/websitesclient._js',
     prev: 
      { name: 'ensureRepositoryUri__17',
        line: 800,
        file: '/usr/local/lib/node_modules/azure-cli/lib/commands/asm/websites/websitesclient._js',
        prev: [Object],
        active: false,
        offset: 3,
        col: 19 },
     active: false,
     offset: 12,
     col: 4 },
  rawStack: [Getter] }
Error: Unable to locate site named photoYarnServer
    at ___ (/usr/local/lib/node_modules/azure-cli/lib/commands/asm/websites/websitesclient._js:867:20)
    at ___ (/usr/local/lib/node_modules/azure-cli/node_modules/streamline/lib/callbacks/runtime.js:85:13)
    at ___ (/usr/local/lib/node_modules/azure-cli/lib/commands/asm/websites/websitesclient._js:473:131)
    at __tryCatch (/usr/local/lib/node_modules/azure-cli/node_modules/streamline/lib/callbacks/runtime.js:141:4)
    at ___ (/usr/local/lib/node_modules/azure-cli/lib/commands/asm/websites/websitesclient._js:473:67)
    at getSites__7 (/usr/local/lib/node_modules/azure-cli/lib/commands/asm/websites/websitesclient._js:473:33)
    at lookupSiteNameAndWebSpace__20 (/usr/local/lib/node_modules/azure-cli/lib/commands/asm/websites/websitesclient._js:883:4)
    at ensureRepositoryUri__17 (/usr/local/lib/node_modules/azure-cli/lib/commands/asm/websites/websitesclient._js:803:19)
    at __2 (/usr/local/lib/node_modules/azure-cli/lib/commands/asm/site.log._js:94:26)

